Determining if the pthread_create exist failed with the following output:
Change Dir: /home/swg/swg-main/build/CMakeFiles/CMakeTmp

Run Build Command:"/usr/bin/make" "cmTC_9ad04/fast"
/usr/bin/make -f CMakeFiles/cmTC_9ad04.dir/build.make CMakeFiles/cmTC_9ad04.dir/build
make[1]: Entering directory '/home/swg/swg-main/build/CMakeFiles/CMakeTmp'
Building C object CMakeFiles/cmTC_9ad04.dir/CheckSymbolExists.c.o
/usr/bin/cc    -m32    -o CMakeFiles/cmTC_9ad04.dir/CheckSymbolExists.c.o   -c /home/swg/swg-main/build/CMakeFiles/CMakeTmp/CheckSymbolExists.c
Linking C executable cmTC_9ad04
/usr/bin/cmake -E cmake_link_script CMakeFiles/cmTC_9ad04.dir/link.txt --verbose=1
/usr/bin/cc  -m32   -L/usr/lib32  CMakeFiles/cmTC_9ad04.dir/CheckSymbolExists.c.o  -o cmTC_9ad04 -rdynamic 
CMakeFiles/cmTC_9ad04.dir/CheckSymbolExists.c.o: In function `main':
CheckSymbolExists.c:(.text+0xa): undefined reference to `pthread_create'
collect2: error: ld returned 1 exit status
CMakeFiles/cmTC_9ad04.dir/build.make:97: recipe for target 'cmTC_9ad04' failed
make[1]: *** [cmTC_9ad04] Error 1
make[1]: Leaving directory '/home/swg/swg-main/build/CMakeFiles/CMakeTmp'
Makefile:126: recipe for target 'cmTC_9ad04/fast' failed
make: *** [cmTC_9ad04/fast] Error 2

File /home/swg/swg-main/build/CMakeFiles/CMakeTmp/CheckSymbolExists.c:
/* */
#include <pthread.h>

int main(int argc, char** argv)
{
  (void)argv;
#ifndef pthread_create
  return ((int*)(&pthread_create))[argc];
#else
  (void)argc;
  return 0;
#endif
}

Determining if the function pthread_create exists in the pthreads failed with the following output:
Change Dir: /home/swg/swg-main/build/CMakeFiles/CMakeTmp

Run Build Command:"/usr/bin/make" "cmTC_5f5a1/fast"
/usr/bin/make -f CMakeFiles/cmTC_5f5a1.dir/build.make CMakeFiles/cmTC_5f5a1.dir/build
make[1]: Entering directory '/home/swg/swg-main/build/CMakeFiles/CMakeTmp'
Building C object CMakeFiles/cmTC_5f5a1.dir/CheckFunctionExists.c.o
/usr/bin/cc    -m32 -DCHECK_FUNCTION_EXISTS=pthread_create   -o CMakeFiles/cmTC_5f5a1.dir/CheckFunctionExists.c.o   -c /usr/share/cmake-3.7/Modules/CheckFunctionExists.c
Linking C executable cmTC_5f5a1
/usr/bin/cmake -E cmake_link_script CMakeFiles/cmTC_5f5a1.dir/link.txt --verbose=1
/usr/bin/cc  -m32 -DCHECK_FUNCTION_EXISTS=pthread_create  -L/usr/lib32  CMakeFiles/cmTC_5f5a1.dir/CheckFunctionExists.c.o  -o cmTC_5f5a1 -rdynamic -lpthreads 
/usr/bin/ld: cannot find -lpthreads
collect2: error: ld returned 1 exit status
CMakeFiles/cmTC_5f5a1.dir/build.make:97: recipe for target 'cmTC_5f5a1' failed
make[1]: *** [cmTC_5f5a1] Error 1
make[1]: Leaving directory '/home/swg/swg-main/build/CMakeFiles/CMakeTmp'
Makefile:126: recipe for target 'cmTC_5f5a1/fast' failed
make: *** [cmTC_5f5a1/fast] Error 2


